#
# There is insufficient memory for the Java Runtime Environment to continue.
# Native memory allocation (malloc) failed to allocate 480104 bytes for AllocateHeap
# Possible reasons:
#   The system is out of physical RAM or swap space
#   In 32 bit mode, the process size limit was hit
# Possible solutions:
#   Reduce memory load on the system
#   Increase physical memory or swap space
#   Check if swap backing store is full
#   Use 64 bit Java on a 64 bit OS
#   Decrease Java heap size (-Xmx/-Xms)
#   Decrease number of Java threads
#   Decrease Java thread stack sizes (-Xss)
#   Set larger code cache with -XX:ReservedCodeCacheSize=
# This output file may be truncated or incomplete.
#
#  Out of Memory Error (memory/allocation.inline.hpp:61), pid=3292, tid=8040
#
# JRE version:  (8.0_71-b15) (build )
# Java VM: Java HotSpot(TM) 64-Bit Server VM (25.71-b15 mixed mode windows-amd64 compressed oops)
# Failed to write core dump. Minidumps are not enabled by default on client versions of Windows
#

---------------  T H R E A D  ---------------

Current thread (0x000000000225e000):  JavaThread "Unknown thread" [_thread_in_vm, id=8040, stack(0x0000000002260000,0x0000000002360000)]

Stack: [0x0000000002260000,0x0000000002360000]
[error occurred during error reporting (printing stack bounds), id 0xc0000005]

Native frames: (J=compiled Java code, j=interpreted, Vv=VM code, C=native code)


---------------  P R O C E S S  ---------------

Java Threads: ( => current thread )

Other Threads:

=>0x000000000225e000 (exited) JavaThread "Unknown thread" [_thread_in_vm, id=8040, stack(0x0000000002260000,0x0000000002360000)]

VM state:not at safepoint (not fully initialized)

VM Mutex/Monitor currently owned by a thread: None

GC Heap History (0 events):
No events

Deoptimization events (0 events):
No events

Internal exceptions (0 events):
No events

Events (0 events):
No events


Dynamic libraries:
0x00007ff6bc780000 - 0x00007ff6bc7b7000 	C:\Program Files\Java\jdk1.8.0_71\bin\java.exe
0x00007ffc09b80000 - 0x00007ffc09d41000 	C:\WINDOWS\SYSTEM32\ntdll.dll
0x00007ffc07880000 - 0x00007ffc0792d000 	C:\WINDOWS\system32\KERNEL32.DLL
0x00007ffc06940000 - 0x00007ffc06b28000 	C:\WINDOWS\system32\KERNELBASE.dll
0x00007ffc077d0000 - 0x00007ffc07877000 	C:\WINDOWS\system32\ADVAPI32.dll
0x00007ffc08f60000 - 0x00007ffc08ffd000 	C:\WINDOWS\system32\msvcrt.dll
0x00007ffc09ad0000 - 0x00007ffc09b2b000 	C:\WINDOWS\system32\sechost.dll
0x00007ffc06f80000 - 0x00007ffc0709c000 	C:\WINDOWS\system32\RPCRT4.dll
0x00007ffc071f0000 - 0x00007ffc07346000 	C:\WINDOWS\system32\USER32.dll
0x00007ffc07350000 - 0x00007ffc074d6000 	C:\WINDOWS\system32\GDI32.dll
0x00007ffbfbc70000 - 0x00007ffbfbee4000 	C:\WINDOWS\WinSxS\amd64_microsoft.windows.common-controls_6595b64144ccf1df_6.0.10586.0_none_8c15ae12515e1c22\COMCTL32.dll
0x00007ffc096f0000 - 0x00007ffc0996d000 	C:\WINDOWS\system32\combase.dll
0x00007ffc06230000 - 0x00007ffc0629a000 	C:\WINDOWS\system32\bcryptPrimitives.dll
0x00007ffc09b40000 - 0x00007ffc09b7b000 	C:\WINDOWS\system32\IMM32.DLL
0x000000006a590000 - 0x000000006a662000 	C:\Program Files\Java\jdk1.8.0_71\jre\bin\msvcr100.dll
0x0000000069d00000 - 0x000000006a58f000 	C:\Program Files\Java\jdk1.8.0_71\jre\bin\server\jvm.dll
0x00007ffc07990000 - 0x00007ffc07998000 	C:\WINDOWS\system32\PSAPI.DLL
0x00007ffc038d0000 - 0x00007ffc038d9000 	C:\WINDOWS\SYSTEM32\WSOCK32.dll
0x00007ffc07590000 - 0x00007ffc075fb000 	C:\WINDOWS\system32\WS2_32.dll
0x00007ffc03c70000 - 0x00007ffc03c93000 	C:\WINDOWS\SYSTEM32\WINMM.dll
0x00007ffbfac20000 - 0x00007ffbfac2a000 	C:\WINDOWS\SYSTEM32\VERSION.dll
0x00007ffc039e0000 - 0x00007ffc03a0c000 	C:\WINDOWS\SYSTEM32\WINMMBASE.dll
0x00007ffc068f0000 - 0x00007ffc06933000 	C:\WINDOWS\system32\cfgmgr32.dll
0x000000006b7b0000 - 0x000000006b7bf000 	C:\Program Files\Java\jdk1.8.0_71\jre\bin\verify.dll
0x000000006b780000 - 0x000000006b7a9000 	C:\Program Files\Java\jdk1.8.0_71\jre\bin\java.dll
0x000000006b760000 - 0x000000006b776000 	C:\Program Files\Java\jdk1.8.0_71\jre\bin\zip.dll

VM Arguments:
jvm_args: -Didea.launcher.port=7536 -Didea.launcher.bin.path=C:\Program Files (x86)\JetBrains\IntelliJ IDEA Community Edition 2016.1.1\bin -Dfile.encoding=UTF-8 
java_command: com.intellij.rt.execution.application.AppMain com.ipovselite.GameContext
java_class_path (initial): C:\Program Files\Java\jdk1.8.0_71\jre\lib\charsets.jar;C:\Program Files\Java\jdk1.8.0_71\jre\lib\deploy.jar;C:\Program Files\Java\jdk1.8.0_71\jre\lib\ext\access-bridge-64.jar;C:\Program Files\Java\jdk1.8.0_71\jre\lib\ext\cldrdata.jar;C:\Program Files\Java\jdk1.8.0_71\jre\lib\ext\dnsns.jar;C:\Program Files\Java\jdk1.8.0_71\jre\lib\ext\jaccess.jar;C:\Program Files\Java\jdk1.8.0_71\jre\lib\ext\jfxrt.jar;C:\Program Files\Java\jdk1.8.0_71\jre\lib\ext\localedata.jar;C:\Program Files\Java\jdk1.8.0_71\jre\lib\ext\nashorn.jar;C:\Program Files\Java\jdk1.8.0_71\jre\lib\ext\sunec.jar;C:\Program Files\Java\jdk1.8.0_71\jre\lib\ext\sunjce_provider.jar;C:\Program Files\Java\jdk1.8.0_71\jre\lib\ext\sunmscapi.jar;C:\Program Files\Java\jdk1.8.0_71\jre\lib\ext\sunpkcs11.jar;C:\Program Files\Java\jdk1.8.0_71\jre\lib\ext\zipfs.jar;C:\Program Files\Java\jdk1.8.0_71\jre\lib\javaws.jar;C:\Program Files\Java\jdk1.8.0_71\jre\lib\jce.jar;C:\Program Files\Java\jdk1.8.0_71\jre\lib\jfr.jar;C:\Program Files\Java\jdk1.8.0_71\jre\lib\jfxswt.jar;C:\Program Files\Java\jdk1.8.0_71\jre\lib\jsse.jar;C:\Program Files\Java\jdk1.8.0_71\jre\lib\management-agent.jar;C:\Program Files\Java\jdk1.8.0_71\jre\lib\plugin.jar;C:\Program Files\Java\jdk1.8.0_71\jre\lib\resources.jar;C:\Program Files\Java\jdk1.8.0_71\jre\lib\rt.jar;C:\Users\User\Desktop\DarkandLight\out\production\DarkandLight;C:\Program Files (x86)\JetBrains\IntelliJ IDEA Community Edition 2016.1.1\lib\idea_rt.jar
Launcher Type: SUN_STANDARD

Environment Variables:
JAVA_HOME=C:\Program Files\Java\jdk1.8.0_71
PATH=C:\ProgramData\Oracle\Java\javapath;C:\Program Files\Broadcom\Broadcom 802.11;C:\Program Files (x86)\Intel\iCLS Client\;C:\Program Files\Intel\iCLS Client\;C:\WINDOWS\system32;C:\WINDOWS;C:\WINDOWS\System32\Wbem;C:\WINDOWS\System32\WindowsPowerShell\v1.0\;C:\Program Files\Intel\Intel(R) Management Engine Components\DAL;C:\Program Files (x86)\Intel\Intel(R) Management Engine Components\DAL;C:\Program Files\Intel\Intel(R) Management Engine Components\IPT;C:\Program Files (x86)\Intel\Intel(R) Management Engine Components\IPT;c:\Program Files (x86)\ATI Technologies\ATI.ACE\Core-Static;C:\Program Files\Hewlett-Packard\SimplePass\;C:\Program Files (x86)\Skype\Phone\;C:\Program Files\Java\jdk1.8.0_71\bin;C:\Program Files (x86)\Git\cmd;C:\Users\User\.android-sdk\tools;C:\Users\User\.android-sdk\platform-tools;C:\Program Files\Microsoft\Web Platform Installer\;C:\Program Files (x86)\Microsoft ASP.NET\ASP.NET Web Pages\v1.0\;C:\Program Files (x86)\Windows Kits\8.0\Windows Performance Toolkit\;C:\Program Files\Microsoft SQL Server\110\Tools\Binn\;C:\WINDOWS\system32\config\systemprofile\.dnx\bin;C:\Program Files\Microsoft DNX\Dnvm\;C:\Program Files\Microsoft SQL Server\130\Tools\Binn\;C:\Maven\apache-maven-3.3.9\bin;C:\Camunda_JBoss\server\wildfly-10.0.0.Final\bin;C:\Program Files (x86)\MySQL\MySQL Fabric 1.5 & MySQL Utilities 1.5\;C:\Program Files (x86)\MySQL\MySQL Fabric 1.5 & MySQL Utilities 1.5\Doctrine extensions for PHP\
USERNAME=User
OS=Windows_NT
PROCESSOR_IDENTIFIER=Intel64 Family 6 Model 61 Stepping 4, GenuineIntel



---------------  S Y S T E M  ---------------

OS: Windows 10.0 , 64 bit Build 10586 (10.0.10586.0)

CPU:total 4 (2 cores per cpu, 2 threads per core) family 6 model 61 stepping 4, cmov, cx8, fxsr, mmx, sse, sse2, sse3, ssse3, sse4.1, sse4.2, popcnt, avx, avx2, aes, clmul, erms, 3dnowpref, lzcnt, ht, tsc, tscinvbit, bmi1, bmi2, adx

Memory: 4k page, physical 8301964k(2287404k free), swap 8301964k(5244k free)

vm_info: Java HotSpot(TM) 64-Bit Server VM (25.71-b15) for windows-amd64 JRE (1.8.0_71-b15), built on Dec 22 2015 18:15:55 by "java_re" with MS VC++ 10.0 (VS2010)

time: Tue Jun 14 06:30:37 2016
elapsed time: 0 seconds (0d 0h 0m 0s)

